[44m[37m[2025-12-09T18:16:49.799Z][39m[49m[1m[32m INFO [39m[22m[1m[33m[OPTIONS][39m[22m - [31m[/api/v1/upload/static][39m - [1m[35m [200] [39m[22m[1m[37m[39m[22m
[44m[37m[2025-12-09T18:16:49.819Z][39m[49m[1m[32m INFO [39m[22m[1m[33m[POST   ][39m[22m - [31m[/api/v1/upload/static][39m - [1m[35m [200] [39m[22m[1m[37m[39m[22m
[44m[37m[2025-12-09T18:25:39.186Z][39m[49m[1m[32m INFO [39m[22m[1m[33m[OPTIONS][39m[22m - [31m[/api/v1/upload/s3][39m - [1m[35m [200] [39m[22m[1m[37m[39m[22m
[44m[37m[2025-12-09T18:25:39.599Z][39m[49m[1m[32m INFO [39m[22m[1m[33m[POST   ][39m[22m - [31m[/api/v1/upload/s3][39m - [1m[35m [200] [39m[22m[1m[37m[39m[22m
[44m[37m[2025-12-09T18:30:21.547Z][39m[49m[1m[32m WARN [39m[22m[1m[33m[GET    ][39m[22m - [31m[/api/v1/s3/url][39m - [1m[35m [401] [39m[22m[1m[37m[39m[22m
[44m[37m[2025-12-09T18:30:36.386Z][39m[49m[1m[32m WARN [39m[22m[1m[33m[GET    ][39m[22m - [31m[/api/v1/s3/url][39m - [1m[35m [400] [39m[22m[1m[37m[39m[22m
[44m[37m[2025-12-09T18:30:36.756Z][39m[49m[1m[32m INFO [39m[22m[1m[33m[GET    ][39m[22m - [31m[/favicon.ico][39m - [1m[35m [200] [39m[22m[1m[37m[39m[22m
[44m[37m[2025-12-09T18:30:57.431Z][39m[49m[1m[32m WARN [39m[22m[1m[33m[GET    ][39m[22m - [31m[/api/v1/s3/url][39m - [1m[35m [400] [39m[22m[1m[37m[39m[22m
[44m[37m[2025-12-09T18:31:10.479Z][39m[49m[1m[32m INFO [39m[22m[1m[33m[GET    ][39m[22m - [31m[/api/v1/s3/url][39m - [1m[35m [200] [39m[22m[1m[37m[39m[22m
[44m[37m[2025-12-09T18:33:32.907Z][39m[49m[1m[32m INFO [39m[22m[1m[33m[OPTIONS][39m[22m - [31m[/api/v1/upload/static][39m - [1m[35m [200] [39m[22m[1m[37m[39m[22m
[44m[37m[2025-12-09T18:33:32.994Z][39m[49m[1m[32m INFO [39m[22m[1m[33m[POST   ][39m[22m - [31m[/api/v1/upload/static][39m - [1m[35m [200] [39m[22m[1m[37m[39m[22m
[44m[37m[2025-12-09T18:34:11.797Z][39m[49m[1m[32m INFO [39m[22m[1m[33m[GET    ][39m[22m - [31m[/api/v1/uploads/file][39m - [1m[35m [200] [39m[22m[1m[37m[39m[22m
[44m[37m[2025-12-09T18:35:56.979Z][39m[49m[1m[32m INFO [39m[22m[1m[33m[OPTIONS][39m[22m - [31m[/api/v1/upload/s3][39m - [1m[35m [200] [39m[22m[1m[37m[39m[22m
[44m[37m[2025-12-09T18:36:02.219Z][39m[49m[1m[32m INFO [39m[22m[1m[33m[POST   ][39m[22m - [31m[/api/v1/upload/s3][39m - [1m[35m [200] [39m[22m[1m[37m[39m[22m
[44m[37m[2025-12-09T19:12:56.964Z][39m[49m[1m[32m INFO [39m[22m[1m[33m[GET    ][39m[22m - [31m[/api/v1/health][39m - [1m[35m [200] [39m[22m[1m[37m[39m[22m
[44m[37m[2025-12-22T00:41:31.190Z][39m[49m[1m[32m INFO [39m[22m[1m[33m[GET    ][39m[22m - [31m[/][39m - [1m[35m [200] [39m[22m[1m[37m[39m[22m
[44m[37m[2025-12-22T00:41:32.647Z][39m[49m[1m[32m INFO [39m[22m[1m[33m[GET    ][39m[22m - [31m[/public/logo-dark.svg][39m - [1m[35m [200] [39m[22m[1m[37m[39m[22m
[44m[37m[2025-12-22T00:41:32.650Z][39m[49m[1m[32m INFO [39m[22m[1m[33m[GET    ][39m[22m - [31m[/public/logo-dark.svg][39m - [1m[35m [200] [39m[22m[1m[37m[39m[22m
[44m[37m[2025-12-22T00:41:32.737Z][39m[49m[1m[32m INFO [39m[22m[1m[33m[GET    ][39m[22m - [31m[/public/favicon-32x32.png][39m - [1m[35m [200] [39m[22m[1m[37m[39m[22m
[44m[37m[2025-12-22T00:41:32.737Z][39m[49m[1m[32m INFO [39m[22m[1m[33m[GET    ][39m[22m - [31m[/public/favicon-32x32.png][39m - [1m[35m [200] [39m[22m[1m[37m[39m[22m
[44m[37m[2025-12-22T00:41:32.737Z][39m[49m[1m[32m INFO [39m[22m[1m[33m[GET    ][39m[22m - [31m[/public/manifest.json][39m - [1m[35m [200] [39m[22m[1m[37m[39m[22m
[44m[37m[2025-12-22T00:41:32.737Z][39m[49m[1m[32m INFO [39m[22m[1m[33m[GET    ][39m[22m - [31m[/public/manifest.json][39m - [1m[35m [200] [39m[22m[1m[37m[39m[22m
[44m[37m[2025-12-22T11:34:23.624Z][39m[49m[1m[32m INFO [39m[22m[1m[33m[GET    ][39m[22m - [31m[/][39m - [1m[35m [200] [39m[22m[1m[37m[39m[22m
[44m[37m[2025-12-22T11:34:23.797Z][39m[49m[1m[32m INFO [39m[22m[1m[33m[GET    ][39m[22m - [31m[/public/logo-dark.svg][39m - [1m[35m [200] [39m[22m[1m[37m[39m[22m
[44m[37m[2025-12-22T11:34:23.841Z][39m[49m[1m[32m INFO [39m[22m[1m[33m[GET    ][39m[22m - [31m[/public/logo-dark.svg][39m - [1m[35m [200] [39m[22m[1m[37m[39m[22m
[44m[37m[2025-12-22T11:34:24.198Z][39m[49m[1m[32m INFO [39m[22m[1m[33m[GET    ][39m[22m - [31m[/public/manifest.json][39m - [1m[35m [200] [39m[22m[1m[37m[39m[22m
[44m[37m[2025-12-22T11:34:24.200Z][39m[49m[1m[32m INFO [39m[22m[1m[33m[GET    ][39m[22m - [31m[/public/manifest.json][39m - [1m[35m [200] [39m[22m[1m[37m[39m[22m
[44m[37m[2025-12-22T14:07:13.011Z][39m[49m[1m[32m INFO [39m[22m[1m[33m[GET    ][39m[22m - [31m[/][39m - [1m[35m [200] [39m[22m[1m[37m[39m[22m
[44m[37m[2025-12-22T14:07:13.120Z][39m[49m[1m[32m INFO [39m[22m[1m[33m[GET    ][39m[22m - [31m[/public/logo-dark.svg][39m - [1m[35m [200] [39m[22m[1m[37m[39m[22m
[44m[37m[2025-12-22T14:07:13.120Z][39m[49m[1m[32m INFO [39m[22m[1m[33m[GET    ][39m[22m - [31m[/public/logo-dark.svg][39m - [1m[35m [200] [39m[22m[1m[37m[39m[22m
[44m[37m[2025-12-22T14:07:13.216Z][39m[49m[1m[32m INFO [39m[22m[1m[33m[GET    ][39m[22m - [31m[/public/manifest.json][39m - [1m[35m [200] [39m[22m[1m[37m[39m[22m
[44m[37m[2025-12-22T14:07:13.216Z][39m[49m[1m[32m INFO [39m[22m[1m[33m[GET    ][39m[22m - [31m[/public/manifest.json][39m - [1m[35m [200] [39m[22m[1m[37m[39m[22m
[44m[37m[2025-12-22T14:07:13.216Z][39m[49m[1m[32m INFO [39m[22m[1m[33m[GET    ][39m[22m - [31m[/public/favicon-32x32.png][39m - [1m[35m [200] [39m[22m[1m[37m[39m[22m
[44m[37m[2025-12-22T14:07:13.218Z][39m[49m[1m[32m INFO [39m[22m[1m[33m[GET    ][39m[22m - [31m[/public/favicon-32x32.png][39m - [1m[35m [200] [39m[22m[1m[37m[39m[22m
[44m[37m[2025-12-22T14:07:54.691Z][39m[49m[1m[32m INFO [39m[22m[1m[33m[GET    ][39m[22m - [31m[/][39m - [1m[35m [200] [39m[22m[1m[37m[39m[22m
[44m[37m[2025-12-22T14:07:54.779Z][39m[49m[1m[32m INFO [39m[22m[1m[33m[GET    ][39m[22m - [31m[/public/logo-dark.svg][39m - [1m[35m [200] [39m[22m[1m[37m[39m[22m
[44m[37m[2025-12-22T14:07:54.780Z][39m[49m[1m[32m INFO [39m[22m[1m[33m[GET    ][39m[22m - [31m[/public/logo-dark.svg][39m - [1m[35m [200] [39m[22m[1m[37m[39m[22m
[44m[37m[2025-12-22T14:07:54.808Z][39m[49m[1m[32m INFO [39m[22m[1m[33m[GET    ][39m[22m - [31m[/public/manifest.json][39m - [1m[35m [200] [39m[22m[1m[37m[39m[22m
[44m[37m[2025-12-22T14:07:54.808Z][39m[49m[1m[32m INFO [39m[22m[1m[33m[GET    ][39m[22m - [31m[/public/manifest.json][39m - [1m[35m [200] [39m[22m[1m[37m[39m[22m
[44m[37m[2025-12-22T14:07:54.808Z][39m[49m[1m[32m INFO [39m[22m[1m[33m[GET    ][39m[22m - [31m[/public/favicon-32x32.png][39m - [1m[35m [200] [39m[22m[1m[37m[39m[22m
[44m[37m[2025-12-22T14:07:54.809Z][39m[49m[1m[32m INFO [39m[22m[1m[33m[GET    ][39m[22m - [31m[/public/favicon-32x32.png][39m - [1m[35m [200] [39m[22m[1m[37m[39m[22m
[44m[37m[2025-12-22T14:08:01.737Z][39m[49m[1m[32m INFO [39m[22m[1m[33m[GET    ][39m[22m - [31m[/][39m - [1m[35m [200] [39m[22m[1m[37m[39m[22m
[44m[37m[2025-12-22T14:08:01.832Z][39m[49m[1m[32m INFO [39m[22m[1m[33m[GET    ][39m[22m - [31m[/public/logo-dark.svg][39m - [1m[35m [200] [39m[22m[1m[37m[39m[22m
[44m[37m[2025-12-22T14:08:01.833Z][39m[49m[1m[32m INFO [39m[22m[1m[33m[GET    ][39m[22m - [31m[/public/logo-dark.svg][39m - [1m[35m [200] [39m[22m[1m[37m[39m[22m
[44m[37m[2025-12-22T14:08:01.873Z][39m[49m[1m[32m INFO [39m[22m[1m[33m[GET    ][39m[22m - [31m[/public/favicon-32x32.png][39m - [1m[35m [200] [39m[22m[1m[37m[39m[22m
[44m[37m[2025-12-22T14:08:01.875Z][39m[49m[1m[32m INFO [39m[22m[1m[33m[GET    ][39m[22m - [31m[/public/favicon-32x32.png][39m - [1m[35m [200] [39m[22m[1m[37m[39m[22m
[44m[37m[2025-12-22T14:08:01.875Z][39m[49m[1m[32m INFO [39m[22m[1m[33m[GET    ][39m[22m - [31m[/public/manifest.json][39m - [1m[35m [200] [39m[22m[1m[37m[39m[22m
[44m[37m[2025-12-22T14:08:01.877Z][39m[49m[1m[32m INFO [39m[22m[1m[33m[GET    ][39m[22m - [31m[/public/manifest.json][39m - [1m[35m [200] [39m[22m[1m[37m[39m[22m
[44m[37m[2025-12-22T14:08:07.533Z][39m[49m[1m[32m INFO [39m[22m[1m[33m[GET    ][39m[22m - [31m[/][39m - [1m[35m [200] [39m[22m[1m[37m[39m[22m
[44m[37m[2025-12-22T14:08:07.591Z][39m[49m[1m[32m INFO [39m[22m[1m[33m[GET    ][39m[22m - [31m[/public/logo-dark.svg][39m - [1m[35m [200] [39m[22m[1m[37m[39m[22m
[44m[37m[2025-12-22T14:08:07.592Z][39m[49m[1m[32m INFO [39m[22m[1m[33m[GET    ][39m[22m - [31m[/public/logo-dark.svg][39m - [1m[35m [200] [39m[22m[1m[37m[39m[22m
[44m[37m[2025-12-22T14:08:07.617Z][39m[49m[1m[32m INFO [39m[22m[1m[33m[GET    ][39m[22m - [31m[/public/manifest.json][39m - [1m[35m [200] [39m[22m[1m[37m[39m[22m
[44m[37m[2025-12-22T14:08:07.618Z][39m[49m[1m[32m INFO [39m[22m[1m[33m[GET    ][39m[22m - [31m[/public/manifest.json][39m - [1m[35m [200] [39m[22m[1m[37m[39m[22m
[44m[37m[2025-12-22T14:08:07.618Z][39m[49m[1m[32m INFO [39m[22m[1m[33m[GET    ][39m[22m - [31m[/public/favicon-32x32.png][39m - [1m[35m [200] [39m[22m[1m[37m[39m[22m
[44m[37m[2025-12-22T14:08:07.619Z][39m[49m[1m[32m INFO [39m[22m[1m[33m[GET    ][39m[22m - [31m[/public/favicon-32x32.png][39m - [1m[35m [200] [39m[22m[1m[37m[39m[22m
[44m[37m[2025-12-22T14:08:40.269Z][39m[49m[1m[32m INFO [39m[22m[1m[33m[GET    ][39m[22m - [31m[/][39m - [1m[35m [200] [39m[22m[1m[37m[39m[22m
[44m[37m[2025-12-22T14:08:40.363Z][39m[49m[1m[32m INFO [39m[22m[1m[33m[GET    ][39m[22m - [31m[/public/logo-dark.svg][39m - [1m[35m [200] [39m[22m[1m[37m[39m[22m
[44m[37m[2025-12-22T14:08:40.364Z][39m[49m[1m[32m INFO [39m[22m[1m[33m[GET    ][39m[22m - [31m[/public/logo-dark.svg][39m - [1m[35m [200] [39m[22m[1m[37m[39m[22m
[44m[37m[2025-12-22T14:08:40.410Z][39m[49m[1m[32m INFO [39m[22m[1m[33m[GET    ][39m[22m - [31m[/public/manifest.json][39m - [1m[35m [200] [39m[22m[1m[37m[39m[22m
[44m[37m[2025-12-22T14:08:40.411Z][39m[49m[1m[32m INFO [39m[22m[1m[33m[GET    ][39m[22m - [31m[/public/manifest.json][39m - [1m[35m [200] [39m[22m[1m[37m[39m[22m
[44m[37m[2025-12-22T14:08:40.413Z][39m[49m[1m[32m INFO [39m[22m[1m[33m[GET    ][39m[22m - [31m[/public/favicon-32x32.png][39m - [1m[35m [200] [39m[22m[1m[37m[39m[22m
[44m[37m[2025-12-22T14:08:40.414Z][39m[49m[1m[32m INFO [39m[22m[1m[33m[GET    ][39m[22m - [31m[/public/favicon-32x32.png][39m - [1m[35m [200] [39m[22m[1m[37m[39m[22m
[44m[37m[2025-12-22T14:09:02.575Z][39m[49m[1m[32m INFO [39m[22m[1m[33m[GET    ][39m[22m - [31m[/][39m - [1m[35m [200] [39m[22m[1m[37m[39m[22m
[44m[37m[2025-12-22T14:09:02.651Z][39m[49m[1m[32m INFO [39m[22m[1m[33m[GET    ][39m[22m - [31m[/public/logo-dark.svg][39m - [1m[35m [200] [39m[22m[1m[37m[39m[22m
[44m[37m[2025-12-22T14:09:02.651Z][39m[49m[1m[32m INFO [39m[22m[1m[33m[GET    ][39m[22m - [31m[/public/logo-dark.svg][39m - [1m[35m [200] [39m[22m[1m[37m[39m[22m
[44m[37m[2025-12-22T14:09:02.674Z][39m[49m[1m[32m INFO [39m[22m[1m[33m[GET    ][39m[22m - [31m[/public/manifest.json][39m - [1m[35m [200] [39m[22m[1m[37m[39m[22m
[44m[37m[2025-12-22T14:09:02.675Z][39m[49m[1m[32m INFO [39m[22m[1m[33m[GET    ][39m[22m - [31m[/public/manifest.json][39m - [1m[35m [200] [39m[22m[1m[37m[39m[22m
[44m[37m[2025-12-22T14:09:02.675Z][39m[49m[1m[32m INFO [39m[22m[1m[33m[GET    ][39m[22m - [31m[/public/favicon-32x32.png][39m - [1m[35m [200] [39m[22m[1m[37m[39m[22m
[44m[37m[2025-12-22T14:09:02.675Z][39m[49m[1m[32m INFO [39m[22m[1m[33m[GET    ][39m[22m - [31m[/public/favicon-32x32.png][39m - [1m[35m [200] [39m[22m[1m[37m[39m[22m
[44m[37m[2025-12-22T14:09:32.771Z][39m[49m[1m[32m INFO [39m[22m[1m[33m[GET    ][39m[22m - [31m[/][39m - [1m[35m [200] [39m[22m[1m[37m[39m[22m
[44m[37m[2025-12-22T14:09:32.856Z][39m[49m[1m[32m INFO [39m[22m[1m[33m[GET    ][39m[22m - [31m[/public/logo-dark.svg][39m - [1m[35m [200] [39m[22m[1m[37m[39m[22m
[44m[37m[2025-12-22T14:09:32.857Z][39m[49m[1m[32m INFO [39m[22m[1m[33m[GET    ][39m[22m - [31m[/public/logo-dark.svg][39m - [1m[35m [200] [39m[22m[1m[37m[39m[22m
[44m[37m[2025-12-22T14:09:32.892Z][39m[49m[1m[32m INFO [39m[22m[1m[33m[GET    ][39m[22m - [31m[/public/manifest.json][39m - [1m[35m [200] [39m[22m[1m[37m[39m[22m
[44m[37m[2025-12-22T14:09:32.892Z][39m[49m[1m[32m INFO [39m[22m[1m[33m[GET    ][39m[22m - [31m[/public/manifest.json][39m - [1m[35m [200] [39m[22m[1m[37m[39m[22m
[44m[37m[2025-12-22T14:09:32.893Z][39m[49m[1m[32m INFO [39m[22m[1m[33m[GET    ][39m[22m - [31m[/public/favicon-32x32.png][39m - [1m[35m [200] [39m[22m[1m[37m[39m[22m
[44m[37m[2025-12-22T14:09:32.893Z][39m[49m[1m[32m INFO [39m[22m[1m[33m[GET    ][39m[22m - [31m[/public/favicon-32x32.png][39m - [1m[35m [200] [39m[22m[1m[37m[39m[22m
[44m[37m[2025-12-22T14:09:40.565Z][39m[49m[1m[32m INFO [39m[22m[1m[33m[GET    ][39m[22m - [31m[/][39m - [1m[35m [200] [39m[22m[1m[37m[39m[22m
[44m[37m[2025-12-22T14:09:40.647Z][39m[49m[1m[32m INFO [39m[22m[1m[33m[GET    ][39m[22m - [31m[/public/logo-dark.svg][39m - [1m[35m [200] [39m[22m[1m[37m[39m[22m
[44m[37m[2025-12-22T14:09:40.648Z][39m[49m[1m[32m INFO [39m[22m[1m[33m[GET    ][39m[22m - [31m[/public/logo-dark.svg][39m - [1m[35m [200] [39m[22m[1m[37m[39m[22m
[44m[37m[2025-12-22T14:09:40.682Z][39m[49m[1m[32m INFO [39m[22m[1m[33m[GET    ][39m[22m - [31m[/public/manifest.json][39m - [1m[35m [200] [39m[22m[1m[37m[39m[22m
[44m[37m[2025-12-22T14:09:40.682Z][39m[49m[1m[32m INFO [39m[22m[1m[33m[GET    ][39m[22m - [31m[/public/manifest.json][39m - [1m[35m [200] [39m[22m[1m[37m[39m[22m
[44m[37m[2025-12-22T14:09:40.684Z][39m[49m[1m[32m INFO [39m[22m[1m[33m[GET    ][39m[22m - [31m[/public/favicon-32x32.png][39m - [1m[35m [200] [39m[22m[1m[37m[39m[22m
[44m[37m[2025-12-22T14:09:40.684Z][39m[49m[1m[32m INFO [39m[22m[1m[33m[GET    ][39m[22m - [31m[/public/favicon-32x32.png][39m - [1m[35m [200] [39m[22m[1m[37m[39m[22m
[44m[37m[2025-12-22T14:09:58.646Z][39m[49m[1m[32m INFO [39m[22m[1m[33m[GET    ][39m[22m - [31m[/][39m - [1m[35m [200] [39m[22m[1m[37m[39m[22m
[44m[37m[2025-12-22T14:09:58.709Z][39m[49m[1m[32m INFO [39m[22m[1m[33m[GET    ][39m[22m - [31m[/public/logo-dark.svg][39m - [1m[35m [200] [39m[22m[1m[37m[39m[22m
[44m[37m[2025-12-22T14:09:58.712Z][39m[49m[1m[32m INFO [39m[22m[1m[33m[GET    ][39m[22m - [31m[/public/logo-dark.svg][39m - [1m[35m [200] [39m[22m[1m[37m[39m[22m
[44m[37m[2025-12-22T14:09:58.718Z][39m[49m[1m[32m INFO [39m[22m[1m[33m[GET    ][39m[22m - [31m[/public/manifest.json][39m - [1m[35m [200] [39m[22m[1m[37m[39m[22m
[44m[37m[2025-12-22T14:09:58.723Z][39m[49m[1m[32m INFO [39m[22m[1m[33m[GET    ][39m[22m - [31m[/public/manifest.json][39m - [1m[35m [200] [39m[22m[1m[37m[39m[22m
[44m[37m[2025-12-22T14:09:58.725Z][39m[49m[1m[32m INFO [39m[22m[1m[33m[GET    ][39m[22m - [31m[/public/favicon-32x32.png][39m - [1m[35m [200] [39m[22m[1m[37m[39m[22m
[44m[37m[2025-12-22T14:09:58.725Z][39m[49m[1m[32m INFO [39m[22m[1m[33m[GET    ][39m[22m - [31m[/public/favicon-32x32.png][39m - [1m[35m [200] [39m[22m[1m[37m[39m[22m
[44m[37m[2025-12-22T14:10:15.042Z][39m[49m[1m[32m INFO [39m[22m[1m[33m[GET    ][39m[22m - [31m[/][39m - [1m[35m [200] [39m[22m[1m[37m[39m[22m
[44m[37m[2025-12-22T14:10:15.092Z][39m[49m[1m[32m INFO [39m[22m[1m[33m[GET    ][39m[22m - [31m[/public/logo-dark.svg][39m - [1m[35m [200] [39m[22m[1m[37m[39m[22m
[44m[37m[2025-12-22T14:10:15.093Z][39m[49m[1m[32m INFO [39m[22m[1m[33m[GET    ][39m[22m - [31m[/public/logo-dark.svg][39m - [1m[35m [200] [39m[22m[1m[37m[39m[22m
[44m[37m[2025-12-22T14:10:15.113Z][39m[49m[1m[32m INFO [39m[22m[1m[33m[GET    ][39m[22m - [31m[/public/manifest.json][39m - [1m[35m [200] [39m[22m[1m[37m[39m[22m
[44m[37m[2025-12-22T14:10:15.114Z][39m[49m[1m[32m INFO [39m[22m[1m[33m[GET    ][39m[22m - [31m[/public/manifest.json][39m - [1m[35m [200] [39m[22m[1m[37m[39m[22m
[44m[37m[2025-12-22T14:10:15.115Z][39m[49m[1m[32m INFO [39m[22m[1m[33m[GET    ][39m[22m - [31m[/public/favicon-32x32.png][39m - [1m[35m [200] [39m[22m[1m[37m[39m[22m
[44m[37m[2025-12-22T14:10:15.116Z][39m[49m[1m[32m INFO [39m[22m[1m[33m[GET    ][39m[22m - [31m[/public/favicon-32x32.png][39m - [1m[35m [200] [39m[22m[1m[37m[39m[22m
[44m[37m[2025-12-22T14:10:49.467Z][39m[49m[1m[32m INFO [39m[22m[1m[33m[GET    ][39m[22m - [31m[/][39m - [1m[35m [200] [39m[22m[1m[37m[39m[22m
[44m[37m[2025-12-22T14:10:49.558Z][39m[49m[1m[32m INFO [39m[22m[1m[33m[GET    ][39m[22m - [31m[/public/logo-dark.svg][39m - [1m[35m [200] [39m[22m[1m[37m[39m[22m
[44m[37m[2025-12-22T14:10:49.559Z][39m[49m[1m[32m INFO [39m[22m[1m[33m[GET    ][39m[22m - [31m[/public/logo-dark.svg][39m - [1m[35m [200] [39m[22m[1m[37m[39m[22m
[44m[37m[2025-12-22T14:10:49.583Z][39m[49m[1m[32m INFO [39m[22m[1m[33m[GET    ][39m[22m - [31m[/public/manifest.json][39m - [1m[35m [200] [39m[22m[1m[37m[39m[22m
[44m[37m[2025-12-22T14:10:49.584Z][39m[49m[1m[32m INFO [39m[22m[1m[33m[GET    ][39m[22m - [31m[/public/manifest.json][39m - [1m[35m [200] [39m[22m[1m[37m[39m[22m
[44m[37m[2025-12-22T14:10:49.584Z][39m[49m[1m[32m INFO [39m[22m[1m[33m[GET    ][39m[22m - [31m[/public/favicon-32x32.png][39m - [1m[35m [200] [39m[22m[1m[37m[39m[22m
[44m[37m[2025-12-22T14:10:49.585Z][39m[49m[1m[32m INFO [39m[22m[1m[33m[GET    ][39m[22m - [31m[/public/favicon-32x32.png][39m - [1m[35m [200] [39m[22m[1m[37m[39m[22m
[44m[37m[2025-12-22T14:11:20.504Z][39m[49m[1m[32m INFO [39m[22m[1m[33m[GET    ][39m[22m - [31m[/][39m - [1m[35m [200] [39m[22m[1m[37m[39m[22m
[44m[37m[2025-12-22T14:11:20.586Z][39m[49m[1m[32m INFO [39m[22m[1m[33m[GET    ][39m[22m - [31m[/public/logo-dark.svg][39m - [1m[35m [200] [39m[22m[1m[37m[39m[22m
[44m[37m[2025-12-22T14:11:20.587Z][39m[49m[1m[32m INFO [39m[22m[1m[33m[GET    ][39m[22m - [31m[/public/logo-dark.svg][39m - [1m[35m [200] [39m[22m[1m[37m[39m[22m
[44m[37m[2025-12-22T14:11:20.610Z][39m[49m[1m[32m INFO [39m[22m[1m[33m[GET    ][39m[22m - [31m[/public/favicon-32x32.png][39m - [1m[35m [200] [39m[22m[1m[37m[39m[22m
[44m[37m[2025-12-22T14:11:20.610Z][39m[49m[1m[32m INFO [39m[22m[1m[33m[GET    ][39m[22m - [31m[/public/favicon-32x32.png][39m - [1m[35m [200] [39m[22m[1m[37m[39m[22m
[44m[37m[2025-12-22T14:11:20.611Z][39m[49m[1m[32m INFO [39m[22m[1m[33m[GET    ][39m[22m - [31m[/public/manifest.json][39m - [1m[35m [200] [39m[22m[1m[37m[39m[22m
[44m[37m[2025-12-22T14:11:20.611Z][39m[49m[1m[32m INFO [39m[22m[1m[33m[GET    ][39m[22m - [31m[/public/manifest.json][39m - [1m[35m [200] [39m[22m[1m[37m[39m[22m
[44m[37m[2025-12-22T14:14:05.011Z][39m[49m[1m[32m INFO [39m[22m[1m[33m[GET    ][39m[22m - [31m[/][39m - [1m[35m [200] [39m[22m[1m[37m[39m[22m
[44m[37m[2025-12-22T14:14:05.110Z][39m[49m[1m[32m INFO [39m[22m[1m[33m[GET    ][39m[22m - [31m[/public/logo-dark.svg][39m - [1m[35m [200] [39m[22m[1m[37m[39m[22m
[44m[37m[2025-12-22T14:14:05.110Z][39m[49m[1m[32m INFO [39m[22m[1m[33m[GET    ][39m[22m - [31m[/public/logo-dark.svg][39m - [1m[35m [200] [39m[22m[1m[37m[39m[22m
[44m[37m[2025-12-22T14:14:05.601Z][39m[49m[1m[32m INFO [39m[22m[1m[33m[GET    ][39m[22m - [31m[/public/manifest.json][39m - [1m[35m [200] [39m[22m[1m[37m[39m[22m
[44m[37m[2025-12-22T14:14:05.606Z][39m[49m[1m[32m INFO [39m[22m[1m[33m[GET    ][39m[22m - [31m[/public/manifest.json][39m - [1m[35m [200] [39m[22m[1m[37m[39m[22m
[44m[37m[2025-12-22T14:14:08.245Z][39m[49m[1m[32m INFO [39m[22m[1m[33m[GET    ][39m[22m - [31m[/favicon.ico][39m - [1m[35m [200] [39m[22m[1m[37m[39m[22m
[44m[37m[2025-12-22T14:15:21.038Z][39m[49m[1m[32m INFO [39m[22m[1m[33m[GET    ][39m[22m - [31m[/favicon.ico][39m - [1m[35m [200] [39m[22m[1m[37m[39m[22m
[44m[37m[2025-12-22T14:15:21.712Z][39m[49m[1m[32m INFO [39m[22m[1m[33m[GET    ][39m[22m - [31m[/favicon.ico][39m - [1m[35m [200] [39m[22m[1m[37m[39m[22m
[44m[37m[2025-12-22T14:15:31.153Z][39m[49m[1m[32m INFO [39m[22m[1m[33m[GET    ][39m[22m - [31m[/favicon.ico][39m - [1m[35m [200] [39m[22m[1m[37m[39m[22m
[44m[37m[2025-12-22T14:16:20.090Z][39m[49m[1m[32m INFO [39m[22m[1m[33m[GET    ][39m[22m - [31m[/docs][39m - [1m[35m [200] [39m[22m[1m[37m[39m[22m
[44m[37m[2025-12-22T14:16:20.657Z][39m[49m[1m[32m INFO [39m[22m[1m[33m[GET    ][39m[22m - [31m[/docs/json][39m - [1m[35m [200] [39m[22m[1m[37m[39m[22m
[44m[37m[2025-12-22T14:18:06.692Z][39m[49m[1m[32m INFO [39m[22m[1m[33m[GET    ][39m[22m - [31m[/docs][39m - [1m[35m [200] [39m[22m[1m[37m[39m[22m
[44m[37m[2025-12-22T14:18:06.913Z][39m[49m[1m[32m INFO [39m[22m[1m[33m[GET    ][39m[22m - [31m[/docs/json][39m - [1m[35m [200] [39m[22m[1m[37m[39m[22m
[44m[37m[2025-12-22T14:18:38.104Z][39m[49m[1m[32m WARN [39m[22m[1m[33m[POST   ][39m[22m - [31m[/api/v1/upload/static][39m - [1m[35m [401] [39m[22m[1m[37m[39m[22m
[44m[37m[2025-12-22T14:19:33.304Z][39m[49m[1m[32m WARN [39m[22m[1m[33m[POST   ][39m[22m - [31m[/api/v1/upload/static][39m - [1m[35m [401] [39m[22m[1m[37m[39m[22m
[44m[37m[2025-12-22T14:20:14.544Z][39m[49m[1m[32m WARN [39m[22m[1m[33m[POST   ][39m[22m - [31m[/api/v1/upload/static][39m - [1m[35m [401] [39m[22m[1m[37m[39m[22m
[44m[37m[2025-12-22T14:20:27.186Z][39m[49m[1m[32m WARN [39m[22m[1m[33m[POST   ][39m[22m - [31m[/api/v1/upload/static][39m - [1m[35m [415] [39m[22m[1m[37m[39m[22m
[44m[37m[2025-12-22T14:20:41.690Z][39m[49m[1m[32m WARN [39m[22m[1m[33m[POST   ][39m[22m - [31m[/api/v1/upload/static][39m - [1m[35m [415] [39m[22m[1m[37m[39m[22m
[44m[37m[2025-12-22T14:21:04.417Z][39m[49m[1m[32m WARN [39m[22m[1m[33m[POST   ][39m[22m - [31m[/api/v1/upload/static][39m - [1m[35m [415] [39m[22m[1m[37m[39m[22m
[44m[37m[2025-12-22T14:21:14.418Z][39m[49m[1m[32m INFO [39m[22m[1m[33m[POST   ][39m[22m - [31m[/api/v1/upload/static][39m - [1m[35m [200] [39m[22m[1m[37m[39m[22m
[44m[37m[2025-12-22T14:22:44.879Z][39m[49m[1m[32m INFO [39m[22m[1m[33m[POST   ][39m[22m - [31m[/api/v1/upload/static][39m - [1m[35m [200] [39m[22m[1m[37m[39m[22m
[44m[37m[2025-12-22T14:23:25.353Z][39m[49m[1m[32m INFO [39m[22m[1m[33m[GET    ][39m[22m - [31m[/favicon.ico][39m - [1m[35m [200] [39m[22m[1m[37m[39m[22m
[44m[37m[2025-12-22T14:23:43.590Z][39m[49m[1m[32m INFO [39m[22m[1m[33m[GET    ][39m[22m - [31m[/api/v1/uploads/file/storage/uploads/019b4670-ee84-7000-ab52-33313638259f.jpg][39m - [1m[35m [200] [39m[22m[1m[37m[39m[22m
[44m[37m[2025-12-22T14:32:05.954Z][39m[49m[1m[32m INFO [39m[22m[1m[33m[POST   ][39m[22m - [31m[/api/v1/upload/static][39m - [1m[35m [200] [39m[22m[1m[37m[39m[22m
[44m[37m[2025-12-22T14:32:25.850Z][39m[49m[1m[32m INFO [39m[22m[1m[33m[GET    ][39m[22m - [31m[/api/v1/uploads/file/storage/uploads/thumbnail-019b4679-7e03-7001-853e-815eb5a8470b.webp][39m - [1m[35m [200] [39m[22m[1m[37m[39m[22m
[44m[37m[2025-12-22T14:36:23.298Z][39m[49m[1m[32m WARN [39m[22m[1m[33m[POST   ][39m[22m - [31m[/api/v1/upload/s3][39m - [1m[35m [500] [39m[22m[1m[37m[39m[22m
[44m[37m[2025-12-22T14:36:49.736Z][39m[49m[1m[32m WARN [39m[22m[1m[33m[POST   ][39m[22m - [31m[/api/v1/upload/s3][39m - [1m[35m [500] [39m[22m[1m[37m[39m[22m
[44m[37m[2025-12-22T14:37:11.083Z][39m[49m[1m[32m WARN [39m[22m[1m[33m[POST   ][39m[22m - [31m[/api/v1/upload/s3][39m - [1m[35m [500] [39m[22m[1m[37m[39m[22m
[44m[37m[2025-12-22T14:38:06.537Z][39m[49m[1m[32m WARN [39m[22m[1m[33m[POST   ][39m[22m - [31m[/api/v1/upload/s3][39m - [1m[35m [500] [39m[22m[1m[37m[39m[22m
[44m[37m[2025-12-22T14:39:34.780Z][39m[49m[1m[32m WARN [39m[22m[1m[33m[POST   ][39m[22m - [31m[/api/v1/upload/s3][39m - [1m[35m [500] [39m[22m[1m[37m[39m[22m
[44m[37m[2025-12-22T14:40:52.024Z][39m[49m[1m[32m WARN [39m[22m[1m[33m[POST   ][39m[22m - [31m[/api/v1/upload/s3][39m - [1m[35m [500] [39m[22m[1m[37m[39m[22m
[44m[37m[2025-12-22T14:42:28.912Z][39m[49m[1m[32m WARN [39m[22m[1m[33m[POST   ][39m[22m - [31m[/api/v1/upload/s3][39m - [1m[35m [500] [39m[22m[1m[37m[39m[22m
[44m[37m[2025-12-22T14:44:41.641Z][39m[49m[1m[32m WARN [39m[22m[1m[33m[POST   ][39m[22m - [31m[/api/v1/upload/s3][39m - [1m[35m [500] [39m[22m[1m[37m[39m[22m
[44m[37m[2025-12-22T14:44:57.514Z][39m[49m[1m[32m WARN [39m[22m[1m[33m[POST   ][39m[22m - [31m[/api/v1/upload/s3][39m - [1m[35m [500] [39m[22m[1m[37m[39m[22m
[44m[37m[2025-12-22T14:45:12.063Z][39m[49m[1m[32m WARN [39m[22m[1m[33m[POST   ][39m[22m - [31m[/api/v1/upload/s3][39m - [1m[35m [500] [39m[22m[1m[37m[39m[22m
[44m[37m[2025-12-22T14:45:40.807Z][39m[49m[1m[32m WARN [39m[22m[1m[33m[POST   ][39m[22m - [31m[/api/v1/upload/s3][39m - [1m[35m [500] [39m[22m[1m[37m[39m[22m
[44m[37m[2025-12-22T14:46:15.534Z][39m[49m[1m[32m INFO [39m[22m[1m[33m[POST   ][39m[22m - [31m[/api/v1/upload/s3][39m - [1m[35m [200] [39m[22m[1m[37m[39m[22m
[44m[37m[2025-12-22T14:48:13.883Z][39m[49m[1m[32m INFO [39m[22m[1m[33m[POST   ][39m[22m - [31m[/api/v1/upload/s3][39m - [1m[35m [200] [39m[22m[1m[37m[39m[22m
[44m[37m[2025-12-22T14:52:28.715Z][39m[49m[1m[32m INFO [39m[22m[1m[33m[GET    ][39m[22m - [31m[/][39m - [1m[35m [200] [39m[22m[1m[37m[39m[22m
[44m[37m[2025-12-22T14:52:29.078Z][39m[49m[1m[32m INFO [39m[22m[1m[33m[GET    ][39m[22m - [31m[/public/manifest.json][39m - [1m[35m [200] [39m[22m[1m[37m[39m[22m
[44m[37m[2025-12-22T14:52:29.079Z][39m[49m[1m[32m INFO [39m[22m[1m[33m[GET    ][39m[22m - [31m[/public/manifest.json][39m - [1m[35m [200] [39m[22m[1m[37m[39m[22m
[44m[37m[2025-12-22T14:56:30.046Z][39m[49m[1m[32m INFO [39m[22m[1m[33m[GET    ][39m[22m - [31m[/][39m - [1m[35m [200] [39m[22m[1m[37m[39m[22m
[44m[37m[2025-12-22T14:56:30.845Z][39m[49m[1m[32m INFO [39m[22m[1m[33m[GET    ][39m[22m - [31m[/public/manifest.json][39m - [1m[35m [200] [39m[22m[1m[37m[39m[22m
[44m[37m[2025-12-22T14:56:30.851Z][39m[49m[1m[32m INFO [39m[22m[1m[33m[GET    ][39m[22m - [31m[/public/manifest.json][39m - [1m[35m [200] [39m[22m[1m[37m[39m[22m
[44m[37m[2025-12-22T14:56:42.712Z][39m[49m[1m[32m WARN [39m[22m[1m[33m[GET    ][39m[22m - [31m[/api/v1/get/all/files][39m - [1m[35m [401] [39m[22m[1m[37m[39m[22m
[44m[37m[2025-12-22T14:57:02.090Z][39m[49m[1m[32m INFO [39m[22m[1m[33m[GET    ][39m[22m - [31m[/docs/json][39m - [1m[35m [200] [39m[22m[1m[37m[39m[22m
[44m[37m[2025-12-22T14:57:09.040Z][39m[49m[1m[32m INFO [39m[22m[1m[33m[GET    ][39m[22m - [31m[/docs/json][39m - [1m[35m [200] [39m[22m[1m[37m[39m[22m
[44m[37m[2025-12-22T14:57:14.067Z][39m[49m[1m[32m INFO [39m[22m[1m[33m[GET    ][39m[22m - [31m[/docs/json][39m - [1m[35m [200] [39m[22m[1m[37m[39m[22m
[44m[37m[2025-12-22T14:57:19.086Z][39m[49m[1m[32m INFO [39m[22m[1m[33m[GET    ][39m[22m - [31m[/docs/json][39m - [1m[35m [200] [39m[22m[1m[37m[39m[22m
[44m[37m[2025-12-22T14:57:23.003Z][39m[49m[1m[32m INFO [39m[22m[1m[33m[OPTIONS][39m[22m - [31m[/api/v1/get/all/files][39m - [1m[35m [200] [39m[22m[1m[37m[39m[22m
[44m[37m[2025-12-22T14:57:23.024Z][39m[49m[1m[32m INFO [39m[22m[1m[33m[GET    ][39m[22m - [31m[/api/v1/get/all/files][39m - [1m[35m [200] [39m[22m[1m[37m[39m[22m
[44m[37m[2025-12-22T14:57:24.096Z][39m[49m[1m[32m INFO [39m[22m[1m[33m[GET    ][39m[22m - [31m[/docs/json][39m - [1m[35m [200] [39m[22m[1m[37m[39m[22m
[44m[37m[2025-12-22T14:57:29.106Z][39m[49m[1m[32m INFO [39m[22m[1m[33m[GET    ][39m[22m - [31m[/docs/json][39m - [1m[35m [200] [39m[22m[1m[37m[39m[22m
[44m[37m[2025-12-22T14:57:34.115Z][39m[49m[1m[32m INFO [39m[22m[1m[33m[GET    ][39m[22m - [31m[/docs/json][39m - [1m[35m [200] [39m[22m[1m[37m[39m[22m
[44m[37m[2025-12-22T14:57:39.241Z][39m[49m[1m[32m INFO [39m[22m[1m[33m[GET    ][39m[22m - [31m[/docs/json][39m - [1m[35m [200] [39m[22m[1m[37m[39m[22m
[44m[37m[2025-12-22T14:57:44.262Z][39m[49m[1m[32m INFO [39m[22m[1m[33m[GET    ][39m[22m - [31m[/docs/json][39m - [1m[35m [200] [39m[22m[1m[37m[39m[22m
[44m[37m[2025-12-22T14:57:49.271Z][39m[49m[1m[32m INFO [39m[22m[1m[33m[GET    ][39m[22m - [31m[/docs/json][39m - [1m[35m [200] [39m[22m[1m[37m[39m[22m
[44m[37m[2025-12-22T14:57:54.286Z][39m[49m[1m[32m INFO [39m[22m[1m[33m[GET    ][39m[22m - [31m[/docs/json][39m - [1m[35m [200] [39m[22m[1m[37m[39m[22m
[44m[37m[2025-12-22T14:57:59.320Z][39m[49m[1m[32m INFO [39m[22m[1m[33m[GET    ][39m[22m - [31m[/docs/json][39m - [1m[35m [200] [39m[22m[1m[37m[39m[22m
[44m[37m[2025-12-22T14:58:05.316Z][39m[49m[1m[32m INFO [39m[22m[1m[33m[GET    ][39m[22m - [31m[/docs/json][39m - [1m[35m [200] [39m[22m[1m[37m[39m[22m
[44m[37m[2025-12-22T14:58:11.334Z][39m[49m[1m[32m INFO [39m[22m[1m[33m[GET    ][39m[22m - [31m[/docs/json][39m - [1m[35m [200] [39m[22m[1m[37m[39m[22m
[44m[37m[2025-12-22T14:58:17.323Z][39m[49m[1m[32m INFO [39m[22m[1m[33m[GET    ][39m[22m - [31m[/docs/json][39m - [1m[35m [200] [39m[22m[1m[37m[39m[22m
[44m[37m[2025-12-22T14:58:23.339Z][39m[49m[1m[32m INFO [39m[22m[1m[33m[GET    ][39m[22m - [31m[/docs/json][39m - [1m[35m [200] [39m[22m[1m[37m[39m[22m
[44m[37m[2025-12-22T14:58:29.349Z][39m[49m[1m[32m INFO [39m[22m[1m[33m[GET    ][39m[22m - [31m[/docs/json][39m - [1m[35m [200] [39m[22m[1m[37m[39m[22m
[44m[37m[2025-12-22T14:58:32.218Z][39m[49m[1m[32m INFO [39m[22m[1m[33m[OPTIONS][39m[22m - [31m[/api/v1/get/all/files][39m - [1m[35m [200] [39m[22m[1m[37m[39m[22m
[44m[37m[2025-12-22T14:58:32.225Z][39m[49m[1m[32m INFO [39m[22m[1m[33m[GET    ][39m[22m - [31m[/api/v1/get/all/files][39m - [1m[35m [200] [39m[22m[1m[37m[39m[22m
[44m[37m[2025-12-22T14:58:34.369Z][39m[49m[1m[32m INFO [39m[22m[1m[33m[GET    ][39m[22m - [31m[/docs/json][39m - [1m[35m [200] [39m[22m[1m[37m[39m[22m
[44m[37m[2025-12-22T14:58:40.332Z][39m[49m[1m[32m INFO [39m[22m[1m[33m[GET    ][39m[22m - [31m[/docs/json][39m - [1m[35m [200] [39m[22m[1m[37m[39m[22m
[44m[37m[2025-12-22T14:58:46.372Z][39m[49m[1m[32m INFO [39m[22m[1m[33m[GET    ][39m[22m - [31m[/docs/json][39m - [1m[35m [200] [39m[22m[1m[37m[39m[22m
[44m[37m[2025-12-22T14:58:52.333Z][39m[49m[1m[32m INFO [39m[22m[1m[33m[GET    ][39m[22m - [31m[/docs/json][39m - [1m[35m [200] [39m[22m[1m[37m[39m[22m
[44m[37m[2025-12-22T14:58:53.867Z][39m[49m[1m[32m INFO [39m[22m[1m[33m[GET    ][39m[22m - [31m[/docs][39m - [1m[35m [200] [39m[22m[1m[37m[39m[22m
[44m[37m[2025-12-22T14:58:54.137Z][39m[49m[1m[32m INFO [39m[22m[1m[33m[GET    ][39m[22m - [31m[/docs/json][39m - [1m[35m [200] [39m[22m[1m[37m[39m[22m
[44m[37m[2025-12-22T14:58:58.335Z][39m[49m[1m[32m INFO [39m[22m[1m[33m[GET    ][39m[22m - [31m[/docs/json][39m - [1m[35m [200] [39m[22m[1m[37m[39m[22m
[44m[37m[2025-12-22T14:59:04.319Z][39m[49m[1m[32m INFO [39m[22m[1m[33m[GET    ][39m[22m - [31m[/docs/json][39m - [1m[35m [200] [39m[22m[1m[37m[39m[22m
[44m[37m[2025-12-22T14:59:06.998Z][39m[49m[1m[32m INFO [39m[22m[1m[33m[GET    ][39m[22m - [31m[/api/v1/get/all/files][39m - [1m[35m [200] [39m[22m[1m[37m[39m[22m
[44m[37m[2025-12-22T14:59:10.322Z][39m[49m[1m[32m INFO [39m[22m[1m[33m[GET    ][39m[22m - [31m[/docs/json][39m - [1m[35m [200] [39m[22m[1m[37m[39m[22m
[44m[37m[2025-12-22T14:59:16.316Z][39m[49m[1m[32m INFO [39m[22m[1m[33m[GET    ][39m[22m - [31m[/docs/json][39m - [1m[35m [200] [39m[22m[1m[37m[39m[22m
[44m[37m[2025-12-22T14:59:22.321Z][39m[49m[1m[32m INFO [39m[22m[1m[33m[GET    ][39m[22m - [31m[/docs/json][39m - [1m[35m [200] [39m[22m[1m[37m[39m[22m
[44m[37m[2025-12-22T14:59:28.339Z][39m[49m[1m[32m INFO [39m[22m[1m[33m[GET    ][39m[22m - [31m[/docs/json][39m - [1m[35m [200] [39m[22m[1m[37m[39m[22m
